=== Trigger Deliber Log (meeting_id=50825) 2025-11-12 01:20:24.774085 ===

총 발언 수: 801
bill_pool 크기(의사일정 항 개수): 86

소위원장 발언 수: 193


=== 소위원장 트리거 판별 결과 ===

- speech_order=1, tf_trigger=False, agenda_items=[]
  발언 요약: 의석을 정돈해 주시기 바랍니다. 성원이 되었으므로 제384회 국회(임시회) 정무위원회 제1차 법안심사제1소위원회를 개의하겠습니다. 오늘 심사할 안건은 금융위원회 소관 47건의 법률안과 국가보훈처 소관 39건의 법률안 등 총 86건입니다. 오늘 회의는 먼저 금융위원회 소

- speech_order=2, tf_trigger=True, agenda_items=[1, 2, 3]
  발언 요약: 그러면 심사할 안건을 상정하겠습니다. 의사일정 제1항부터 제47항까지 이상 47건의 법률안을 일괄하여 상정합니다. 그러면 의사일정 제1항부터 제3항까지 이상 3건의 서민의 금융생활 지원에 관한 법률 일부개정법률안을 일괄하여 심사하도록 하겠습니다. 배부해 드린 심사자료 

- speech_order=4, tf_trigger=False, agenda_items=[]
  발언 요약: 수고하셨습니다. 정부 측 의견 말씀해 주시기 바랍니다.

- speech_order=6, tf_trigger=False, agenda_items=[]
  발언 요약: 수고하셨습니다. 다음은 위원님들께서 의견이 있으시면 말씀해 주십시오. 오기형 위원님.

- speech_order=11, tf_trigger=False, agenda_items=[]
  발언 요약: 다음, 권은희 위원님 질의해 주시기 바랍니다.

- speech_order=13, tf_trigger=False, agenda_items=[]
  발언 요약: 다음, 윤창현 위원님 하시고요.

- speech_order=16, tf_trigger=False, agenda_items=[]
  발언 요약: 다음, 윤창현 위원님 질의해 주십시오.

- speech_order=21, tf_trigger=False, agenda_items=[]
  발언 요약: 인사를 먼저 좀 해 주세요. 자기소개 겸 인사를 좀 해 주세요.

- speech_order=23, tf_trigger=False, agenda_items=[]
  발언 요약: 제가 회의 진행상 말씀 좀 드리겠습니다. 수석전문위원님께서 7페이지까지만 말씀을 드렸는데요. 우리 위원님들이 공부를 너무 많이 해 오셔 가지고 뒤에 있는 부분들도 지금 계속 질의를 하고 있습니다. 그래서 제일 첫 번째, 계정의 정비하고 기금의 설치 이게 지금 현재 수석

- speech_order=25, tf_trigger=False, agenda_items=[]
  발언 요약: 또 들어가셔서 일 보셔야 되니까 기재부 입장만, 지금 신중한 입장 또는 반대 입장인가요? 앞에 마이크, 자기소개하시고 기재부 입장을 설명해 주시고 그다음에 혹시 위원님들 질문받으시고 업무에 복귀하시면 됩니다. 말씀해 주십시오.

- speech_order=27, tf_trigger=False, agenda_items=[]
  발언 요약: 다른 위원님들 기재부 입장에 대해서 궁금하신 것 있으면 질의해 주시기 바랍니다. 오기형 위원님.

- speech_order=30, tf_trigger=False, agenda_items=[]
  발언 요약: 과장님, 지금 말씀하신 것을 페이퍼로 우리 위원님한테 보내 드려도 관계없지요?

- speech_order=32, tf_trigger=False, agenda_items=[]
  발언 요약: 지금 기금 설치에 대해서 관련법에 있어서 이러이러한 어려움이 있다, 애로가 있다는 이런 말씀해 주셨잖아요. 그것 지금 가능할까요, 정리된 문구가 있으면?

- speech_order=34, tf_trigger=False, agenda_items=[]
  발언 요약: 그러면 우리 행정실 직원이 가서 해서 공개할 수 있으면 우리 위원님들한테도 공개해서 공부하도록 하겠습니다. 말씀하십시오. 과장님, 오기형 위원 질문에 답변 좀……

- speech_order=36, tf_trigger=False, agenda_items=[]
  발언 요약: 윤창현 위원님.

- speech_order=66, tf_trigger=False, agenda_items=[]
  발언 요약: 기재부 과장님한테 질의하실 위원님들 안 계시지요? (｢예｣ 하는 위원 있음) 업무에 복귀하셔야 되니까. 수고하셨습니다.

- speech_order=69, tf_trigger=False, agenda_items=[]
  발언 요약: 예?

- speech_order=71, tf_trigger=False, agenda_items=[]
  발언 요약: 담당 국장도 지금 공석이고.

- speech_order=73, tf_trigger=False, agenda_items=[]
  발언 요약: 담당 국장도 공석이고.

- speech_order=75, tf_trigger=False, agenda_items=[]
  발언 요약: 그러니까 위원님들 질의가 있으시면 받는데 질의가 없으시다 해서 제가 말씀을 드렸습니다.

- speech_order=79, tf_trigger=False, agenda_items=[]
  발언 요약: 회의 자료 6․7페이지에 나와 있는 사업 계정의 정비 그리고 기금의 설치에 관련해서만 좀 더 여러분들의 의견을 듣도록 하겠습니다. 성일종 위원님.

- speech_order=125, tf_trigger=False, agenda_items=[]
  발언 요약: 무선마이크를 드리든지 앞으로 나오시든지 하시지요.

- speech_order=161, tf_trigger=False, agenda_items=[]
  발언 요약: 회의 진행상 아까 말씀드린 대로…… 6페이지에서 7페이에 나와 있는 것은 계정의 정비, 기금의 설치입니다. 그리고 출연 관련된 건 뒤에 계속 또 우리가 논의를 해야 되니까요. 계정의 정비와 기금의 설치 중에서 기금의 설치 부분은 기재부 입장을 존중해서 추후 논의하는 것

- speech_order=163, tf_trigger=False, agenda_items=[]
  발언 요약: 예.

- speech_order=172, tf_trigger=False, agenda_items=[]
  발언 요약: 고민해 보시고요. 수석전문위원님, 나머지 보고해 주시기 바랍니다.

- speech_order=174, tf_trigger=False, agenda_items=[]
  발언 요약: 수고하셨습니다. 많은 이슈들이 있는데요 회의 진행상 먼저 출연의 주체, 출연 대상부터 논의하는 게 맞을 것 같습니다. 그래서 ‘출연의 대상을 은행보험, 여신전문회사로 확대하는 부분 그리고 출연 대상을 소멸시효가 경과하지 않더라도 예금을 거래한 지 10년 이상 경과한 부

- speech_order=190, tf_trigger=False, agenda_items=[]
  발언 요약: 아까 차관님 말씀으로는 은행권하고 실무 협의를 다 해서 만든 법이라고 하셨지요?

- speech_order=192, tf_trigger=False, agenda_items=[]
  발언 요약: 그 부분에 대해서 자세히 설명 좀 해 주세요.

- speech_order=195, tf_trigger=False, agenda_items=[]
  발언 요약: 이게 출연 주체에 대해서는 약간의 이견이 있는 것 같습니다. 성일종 위원님은 ‘은행권에서 그래도 안정적 수익을 얻으니 좀 더 많은 출연을 할 수 있게끔 우리가 법적으로도 연구해 보자’ 이런 말씀이 있으셨고, 또 윤재옥 위원님이나 오기형 위원님 같은 경우는 ‘자발적 참여

- speech_order=198, tf_trigger=False, agenda_items=[]
  발언 요약: 그러면 지금 서민금융진흥원에서 보유하고 있는 기금의 잔액은 미상환에 대비한 대위변제용이다 이런 말씀이시지요?

- speech_order=200, tf_trigger=False, agenda_items=[]
  발언 요약: 그런 오해가 없으시기를 바라고요. 그러면 이 출연 주체가 넓어지면 대출 금리가 좀 인하됩니까? 실질적으로 햇살론이나 기타 미소금융 이용자들에 대한 편익이 좀 증대되는지 여쭤보고 싶습니다.

- speech_order=202, tf_trigger=False, agenda_items=[]
  발언 요약: 재원의 확대와 금리 인하가 가능하다 그 말씀이시고요. 그다음에 오기형 위원님 질의해 주시기 바랍니다.

- speech_order=205, tf_trigger=False, agenda_items=[]
  발언 요약: 권은희 위원님 말씀해 주시지요.

- speech_order=207, tf_trigger=False, agenda_items=[]
  발언 요약: 다음에, 아까 발언 신청하셨던 이용우 위원님.

- speech_order=210, tf_trigger=False, agenda_items=[]
  발언 요약: 민병덕 위원님 먼저 하시고……

- speech_order=234, tf_trigger=False, agenda_items=[]
  발언 요약: 오기형 위원님.

- speech_order=240, tf_trigger=False, agenda_items=[]
  발언 요약: 지금 거의 12시 다 되어 가는데요. 출연 주체와 출연 대상에 대해서는 식사 시간 때 성일종 간사님과 좀 더 얘기해서 조금 조율한 다음에 오후에 다시 논의하기로 하고요. 그러면 이 법안 중에 우리가 아직 한 번도 논의하지 못했던 부분이 권리자 보호, 휴면금융자산을 보유

- speech_order=248, tf_trigger=False, agenda_items=[]
  발언 요약: 그러면 권리자 보호하고 지배구조 관련돼서 이견이 없으신 것으로 하면 되겠지요? (｢예｣ 하는 위원 있음) 그것은 정부안을 수용하는 것으로 하고요. 오전 2시간이 거의 지났습니다. 식사를 하셔야 되고 또 우리 소위가 오늘 오후 6시까지 진행될 예정이거든요. 그래서 조금 

- speech_order=249, tf_trigger=True, agenda_items=[22, 23, 24, 25, 26, 27, 28, 29, 30, 31, 32, 33, 34, 35, 36, 37, 38, 39]
  발언 요약: 의석을 정돈해 주시기 바랍니다. 회의를 속개하도록 하겠습니다. 오전에 1․2․3번 서민 금융 지원에 관련된 법안을 논의했으나 합의에 이르지 못했습니다, 조금 더 생각할 시간적 여유를 갖도록 하고요. 4번 금융혁신지원 특별법 일부개정법률안을 심의한 이후에…… 쉬운 거부터

- speech_order=251, tf_trigger=False, agenda_items=[]
  발언 요약: 수고하셨습니다. 다음은 정부 측 의견을 듣도록 하겠습니다.

- speech_order=253, tf_trigger=False, agenda_items=[]
  발언 요약: 다음은 위원님들께서 의견 있으시면 말씀해 주십시오. (｢없습니다｣ 하는 위원 있음) 이견 없지요? (｢예｣ 하는 위원 있음) 그러면 이상으로 토론을 종결하고 의결하도록 하겠습니다. 이게 어차피 속기록에는…… 각 안건 하나하나 통과해야 됩니다. 시간이 좀 걸리더라도 이해

- speech_order=255, tf_trigger=True, agenda_items=[40]
  발언 요약: 의사일정 제37항 자산유동화에 관한 법률 일부개정법률안을 원안대로 의결하고자 하는데 이의가 없으십니까? (｢예｣ 하는 위원 있음) 가결되었음을 선포합니다. 제38항 한국자산관리공사 설립 등에 관한 법률 일부개정법률안은 원안대로 의결하고자 하는데 이의가 없으십니까? (｢

- speech_order=257, tf_trigger=False, agenda_items=[]
  발언 요약: 예, 성일종 위원님.

- speech_order=272, tf_trigger=True, agenda_items=[40, 41, 42, 43, 44, 45, 46, 47]
  발언 요약: 다음은 의사일정 제40항부터 제47항까지 이상 8건의 법률안을 일괄하여 심사하도록 하겠습니다. 배부해 드린 심사자료 금융 40번부터 47번까지를 참조해 주시기 바랍니다. 법률안의 주요 내용에 대해서 수석전문위원님 보고해 주시기 바랍니다.

- speech_order=274, tf_trigger=False, agenda_items=[]
  발언 요약: 수고하셨습니다. 정부 측 의견 말씀해 주십시오.

- speech_order=276, tf_trigger=False, agenda_items=[]
  발언 요약: 다음은 우리 위원님들께서 의견이 있으시면 말씀해 주시기 바랍니다. (｢없습니다｣ 하는 위원 있음)

- speech_order=277, tf_trigger=False, agenda_items=[]
  발언 요약: 없으십니까? 그러면 토론……

- speech_order=279, tf_trigger=False, agenda_items=[]
  발언 요약: 예, 윤창현……

- speech_order=285, tf_trigger=False, agenda_items=[]
  발언 요약: 참고로 좀 말씀을 드릴게요. (자료를 들어 보이며) 국회의장님께서 저희 정무위원회에 보낸 공문이 있습니다. ‘법률용어 정비 협조 사항’ 그래서 62개 법안의 법률용어를 정비해 달라는 요청이 와 있습니다. 그래서 성일종 간사님과 상의해서 이 법안을 어떻게 처리할지 또 추

- speech_order=287, tf_trigger=False, agenda_items=[]
  발언 요약: 김한정 위원님.

- speech_order=289, tf_trigger=False, agenda_items=[]
  발언 요약: 한자는 한자지요.

- speech_order=291, tf_trigger=False, agenda_items=[]
  발언 요약: 김한정 위원님, 좋은 말씀 감사한데요 서민금융 지원에 관한 법률 관련된 내용은 통과 안 시키는 게 아니고 조금 이견이 있어서 추후 논의해서 오늘 반드시 통과시킬 그럴 예정이라는 말씀을 드리고요. 아까 ‘대차대조표’를 ‘재무상태표’로 바꾸는 것은 아마 이견이 없는 것 같

- speech_order=293, tf_trigger=False, agenda_items=[]
  발언 요약: 예, 말씀하세요, 윤재옥 위원님.

- speech_order=295, tf_trigger=False, agenda_items=[]
  발언 요약: 다른 위원님 말씀해 주시고요.

- speech_order=297, tf_trigger=False, agenda_items=[]
  발언 요약: 그러면 뭐 대충…… 민형배 위원님.

- speech_order=299, tf_trigger=True, agenda_items=[4]
  발언 요약: 아까 말씀드린 대로 국회의장께서 또 저희 정무위원회에 보낸 공문이 있고, 나름대로 일리 있는 지적이라고 생각합니다. 그래서 이번에는 조금 보류하고 아까 말씀드린 대차대조표를 재무상태표로 바꾸는 그 법을 통과시키는데요, 아까 말씀드린 드린 대로 용어 바꾸는 법안과 중복된

- speech_order=301, tf_trigger=False, agenda_items=[]
  발언 요약: 수고하셨습니다. 정부 측 의견 듣도록 하겠습니다.

- speech_order=303, tf_trigger=False, agenda_items=[]
  발언 요약: 다음은 위원님들 의견…… 이용우 위원님.

- speech_order=305, tf_trigger=False, agenda_items=[]
  발언 요약: 권은희 위원님 말씀해 주시기 바랍니다.

- speech_order=308, tf_trigger=False, agenda_items=[]
  발언 요약: 이게 규제 샌드박스 5법, 모든 법에 다 해당하는 그런 사항이고…… 거기도 법조문이 다 이렇게 돼 있나요? 법령 정비 요청이라고 법률 문구가 그렇게 돼 있나요?

- speech_order=310, tf_trigger=False, agenda_items=[]
  발언 요약: 차관님, 아까 이용우 위원님 지적한 대로…… 악용 가능성을 지적하셨잖아요. 법령 정비 요청을 해 놓고, 당연히 금융위에 하겠지요. 금융위에서 금융위의 검토 기간 중에 지속적으로 규제 샌드박스의 효과를 계속 보려고 하는, 실질적으로는 안 되는 그런 부분이 있을 수 있거든

- speech_order=312, tf_trigger=False, agenda_items=[]
  발언 요약: 기간은 없잖아요. 지금 현재 기간은 안 정해져 있잖아요.

- speech_order=314, tf_trigger=False, agenda_items=[]
  발언 요약: 그렇게 되면 오남용 여지가 많이 줄어들 것 같습니다. 그렇게 마무리하면 될 것 같고요. 그다음에 국회 입법권의 침해라는 부분에 대해서는 규제 샌드박스 사업자가 금융위에 신청하는 것이잖아요. 그렇지요?

- speech_order=316, tf_trigger=False, agenda_items=[]
  발언 요약: 신청해서 결국에는 금융위가 법안을 내는 거겠지요?

- speech_order=318, tf_trigger=False, agenda_items=[]
  발언 요약: 저 개인적으로는 이게 입법권의 침해인가 싶은데 아마 법령 정비 요청권이라는 단어가 갖는 상징성 때문에 그런 것 같습니다. 이 부분에 대해서는 어떤 생각을 갖고 계십니까?

- speech_order=320, tf_trigger=False, agenda_items=[]
  발언 요약: 권은희 위원님, 이해되셨나요?

- speech_order=323, tf_trigger=False, agenda_items=[]
  발언 요약: 차관님, 지금 그 용어를 좀 정비해 주시지요.

- speech_order=325, tf_trigger=False, agenda_items=[]
  발언 요약: 권은희 위원님, 그러면 그렇게 하면 어떨까요? 우리 상임위에서 그렇게 하고 법사위에서 종합적으로 5개 법률안에 대해서 법령이라는 표현을 쓸지 규제 혁신, 규제 개선이라는 표현을 쓸지를 한번 실질적으로 검토해 보라라고 우리가 요청하는 건 어떨까요?

- speech_order=327, tf_trigger=False, agenda_items=[]
  발언 요약: 그러면 법안 개정의 취지에는 다 동감하는 것으로 하고요. 금융 관계 법령 그 법령을 다른 용어로 어떻게 바꿀지, 그다음에 규제 샌드박스 사업자가 법령 제정 요청을 했을 때 어느 기간까지 허용할지에 대해서 시행령으로 보충하는, 그 두 가지 선에서 일단은 합의하는 것으로 

- speech_order=329, tf_trigger=False, agenda_items=[]
  발언 요약: 그러면 다른 위원님들, 이의 없으십니까? (｢예, 동의합니다｣ 하는 위원 있음) 권은희 위원님, 규제 개선으로……

- speech_order=331, tf_trigger=True, agenda_items=[4]
  발언 요약: 예, 그렇게 하고 시행령으로 기간을 6개월을 기본으로 하고 한 번 정도 연장할 수 있는, 그렇게 담아 주시기 바랍니다. 그러면 의사일정 제4항 금융혁신지원……

- speech_order=333, tf_trigger=False, agenda_items=[]
  발언 요약: 정부, 오케이 하셨지요?

- speech_order=339, tf_trigger=False, agenda_items=[]
  발언 요약: 그러면 국장님하고 차관님하고 의견이 다른 거예요? 그렇게 말씀하시면 안 되지요. 정리하셔서 말씀하셔야지.

- speech_order=341, tf_trigger=False, agenda_items=[]
  발언 요약: 자, 차관님이 말씀하세요, 정리해서.

- speech_order=343, tf_trigger=False, agenda_items=[]
  발언 요약: 두 번씩이나 주는 것은 조금 긴 듯하기는 하지만 원활한 합의를 위해서…… 다른 위원님들 의견은 어떻습니까?

- speech_order=345, tf_trigger=True, agenda_items=[5, 6, 7]
  발언 요약: 그러면 정부 측 의견을 받아서 의사일정 제4항 금융혁신지원 특별법 일부개정법률안은 지금까지 심사한 결과를 반영하여 수정한 부분은 수정한 대로 기타 부분은 원안대로 의결하고자 하는데 이의가 없으십니까? (｢예｣ 하는 위원 있음) 가결되었음을 선포합니다. 지금 행정실에서 

- speech_order=347, tf_trigger=False, agenda_items=[]
  발언 요약: 예.

- speech_order=349, tf_trigger=False, agenda_items=[]
  발언 요약: 예, 알고 있습니다.

- speech_order=351, tf_trigger=False, agenda_items=[]
  발언 요약: 16번이지요?

- speech_order=353, tf_trigger=False, agenda_items=[]
  발언 요약: 예, 알겠습니다. 그러면 수석전문위원님께서 16․17번을 함께 보고해 주시기 바랍니다.

- speech_order=355, tf_trigger=False, agenda_items=[]
  발언 요약: 16번만 하면 되나요? 17번은……

- speech_order=357, tf_trigger=False, agenda_items=[]
  발언 요약: 다른 건가요?

- speech_order=359, tf_trigger=False, agenda_items=[]
  발언 요약: 경찰에 신고하는 거지요? 검찰뿐만이 아니라 경찰까지.

- speech_order=361, tf_trigger=False, agenda_items=[]
  발언 요약: 그러면 16번을 5․6․7번과 함께 보고해 주시기 바랍니다.

- speech_order=363, tf_trigger=False, agenda_items=[]
  발언 요약: 정부 측 의견 듣도록 하겠습니다.

- speech_order=365, tf_trigger=False, agenda_items=[]
  발언 요약: 수고하셨습니다. 위원님들…… 오기형 위원님.

- speech_order=367, tf_trigger=False, agenda_items=[]
  발언 요약: 정부 측 입장.

- speech_order=370, tf_trigger=False, agenda_items=[]
  발언 요약: 추가적인 답변이 좀 필요할 것 같은데요.

- speech_order=372, tf_trigger=False, agenda_items=[]
  발언 요약: 권은희 위원님.

- speech_order=374, tf_trigger=False, agenda_items=[]
  발언 요약: 이용우 위원님.

- speech_order=376, tf_trigger=False, agenda_items=[]
  발언 요약: 차관님, 질문 한번 드려 볼게요. 그러면 증선위가 불공정거래와 관련돼서 자료수집을 해서 검찰에 고발할 만한 사안이라고 그러면 고발로 넘어가지 않습니까? 그러면 사실 증선위가 그런 결론을 내리는 데도 상당 기간 소요될 거고 검찰로 넘어갔어요. 검찰에서도…… 아시다시피 검

- speech_order=378, tf_trigger=False, agenda_items=[]
  발언 요약: 또한 꽤 긴 기간이 필요할 거고 그러고 다시 금융위원회 와서 과징금 부과를 하겠다는 거잖아요?

- speech_order=380, tf_trigger=False, agenda_items=[]
  발언 요약: 그렇게 봤을 때는 소요 시간이라든지 사건의 중함에 비해서 증거인멸의 시간을 줄 가능성도 있다든지 여러 가지로 복잡한 문제가 생기거든요. 그래서 위원님들 지적이 저는 일견 상당히 타당한 지적이라고 생각하는데 이렇게 긴 시간을, 물론 이런 중대범죄에 대해서 신중하고 나름대

- speech_order=382, tf_trigger=False, agenda_items=[]
  발언 요약: 위원님들과 정부 측의 이견이 좁혀지지 않는데요. 다른 위원님들도 발언하실 분 계시면 발언하시고……

- speech_order=384, tf_trigger=False, agenda_items=[]
  발언 요약: 예, 김정각 국장님.

- speech_order=386, tf_trigger=False, agenda_items=[]
  발언 요약: 잠깐만요. 아까 수석전문위원님 보고가 다 안 끝났는데요, 불공정거래행위 자진신고자 관련된 법안에 대해서 보고를 받고 함께 논의하도록 하겠습니다.

- speech_order=388, tf_trigger=False, agenda_items=[]
  발언 요약: 정부 측 의견 듣도록 하겠습니다.

- speech_order=390, tf_trigger=False, agenda_items=[]
  발언 요약: 위원님들, 의견 개진해 주시기 바랍니다.

- speech_order=392, tf_trigger=False, agenda_items=[]
  발언 요약: 권은희 위원님.

- speech_order=395, tf_trigger=False, agenda_items=[]
  발언 요약: 예, 윤창현 위원님.

- speech_order=398, tf_trigger=False, agenda_items=[]
  발언 요약: 면제가 안 되고 감경만 하면 소위 리니언시제도의 효과가 많이 떨어지겠지요. 아무래도 그런 충돌이 생길 수 있을 가능……

- speech_order=400, tf_trigger=False, agenda_items=[]
  발언 요약: 부족하다, 면제까지 넣어야 된다.

- speech_order=402, tf_trigger=False, agenda_items=[]
  발언 요약: 예, 법의 취지는 저도 100% 공감합니다.

- speech_order=405, tf_trigger=False, agenda_items=[]
  발언 요약: 예.

- speech_order=408, tf_trigger=False, agenda_items=[]
  발언 요약: 저희가 지금 오후 회의 시작한 지 한 시간 반이 넘었는데요. 잠시 자리를 비웠는데 성일종 간사님과 합의하기를 효율적인 의사진행을 위해서 한 20분 정회를 해서 그동안 논의됐던 것, 추가적으로 숙의할 수 있는 부분은 정부 측과 좀 협의할 시간도 갖고 그렇게 회의를 진행하

- speech_order=409, tf_trigger=True, agenda_items=[5, 6, 7, 16]
  발언 요약: 의석을 정돈해 주시기 바랍니다. 회의를 속개하겠습니다. 그러면 의사일정 제5항부터 7항까지 그리고 제16항, 이상 4건의 자본시장과 금융투자업에 관한 법률 일부개정법률안을 계속해서 심사하겠습니다. 저희가 정회하는 시간 중에 아까 윤창현 위원님이 발의하신 리니언시 관련돼

- speech_order=411, tf_trigger=False, agenda_items=[]
  발언 요약: 다음으로 법무부 류승진 검사님. 바뀌었나요, 순서가? 한 분 더 오셨잖아요. 아, 대표해서 말씀하신 건가요?

- speech_order=413, tf_trigger=False, agenda_items=[]
  발언 요약: 법무부와 대검의 입장을 들었는데요. 아까 이 문제에 대해서 가장 많이 이의를 제기해 주신 오기형 위원님 질의해 주시기 바랍니다.

- speech_order=415, tf_trigger=False, agenda_items=[]
  발언 요약: 다른 위원님들…… 권은희 위원님.

- speech_order=425, tf_trigger=False, agenda_items=[]
  발언 요약: 지금 부당이득액 산정 방식, 불공정거래행위에 대한 과징금 도입 관련돼서 검찰의 수사와 결과를 먼저 받고 과징금을 부과해야 되느냐, 그렇지 않고 금융위가 먼저 과징금을 부과해야 되느냐에 대해서 우리 위원님들끼리의 합의에 이르지 못한 것 같습니다. 그래서 이것은 현실적으로

- speech_order=427, tf_trigger=False, agenda_items=[]
  발언 요약: 잠깐만. 아까 윤창현 위원님께서 제안하신 불공정거래 내부고발자 문제에 대한 감경 문제 그 부분에 대해서만 조금 더 논의하고 다음 안건으로 넘어갈 수밖에 없다고 생각합니다. 위원님들, 말씀해 주시기 바랍니다. 윤창현 위원님 안건에 대해서 아까 감경은 가능한데 면제 부분에

- speech_order=429, tf_trigger=False, agenda_items=[]
  발언 요약: 시행령으로 위임한다?

- speech_order=431, tf_trigger=False, agenda_items=[]
  발언 요약: 정부 측 의견 어떻습니까?

- speech_order=433, tf_trigger=False, agenda_items=[]
  발언 요약: 취지는 저도 100% 동의합니다.

- speech_order=435, tf_trigger=False, agenda_items=[]
  발언 요약: 윤창현 위원님, 다음 우리 소위 때 가장 먼저 다루도록 하겠습니다.

- speech_order=439, tf_trigger=False, agenda_items=[]
  발언 요약: 잠깐만요. 우리 법무부하고 대검에서 오신 분들께 질의 없으시면……

- speech_order=442, tf_trigger=False, agenda_items=[]
  발언 요약: 질문 있으십니까?

- speech_order=444, tf_trigger=False, agenda_items=[]
  발언 요약: 예.

- speech_order=472, tf_trigger=False, agenda_items=[]
  발언 요약: 윤창현 위원님.

- speech_order=474, tf_trigger=False, agenda_items=[]
  발언 요약: 예, 지금 질의해 주십시오.

- speech_order=483, tf_trigger=False, agenda_items=[]
  발언 요약: 이것 관련된 질의인가요?

- speech_order=485, tf_trigger=False, agenda_items=[]
  발언 요약: 간단하게 해 주시기 바랍니다.

- speech_order=494, tf_trigger=False, agenda_items=[]
  발언 요약: 수고하셨습니다. 이것뿐만이 아니라 이용우 위원님이 발의하신 몰수 관련된 부분에 대해서도 대검의 입장이 필요하니까요, 추가로 요청을 할 테니까 그 부분에도 상세하게 답변해 주시면 감사하겠습니다.

- speech_order=496, tf_trigger=True, agenda_items=[5, 6, 7, 16, 8, 9, 10, 11]
  발언 요약: 의사일정 제5항부터 제7항까지 그리고 제16항, 이상 4건의 자본시장과 금융투자업에 관한 법률 일부개정법률안은 보다 심도 있는 심사를 위해서 소위원회에서 계속 심사하도록 하겠습니다. 다음은 의사일정 제8항부터 제11항까지 이상 4건의 자본시장과 금융투자업에 관한 법률 

- speech_order=498, tf_trigger=False, agenda_items=[]
  발언 요약: 금융위 의견을 먼저 듣고?

- speech_order=500, tf_trigger=False, agenda_items=[]
  발언 요약: 아, 개괄적인 설명을…… 예, 그렇게 하도록 하겠습니다. 우리 정부 측 입장을 먼저, 전체 법을 보시고 금융위 입장을 요점별로 해서 잘 좀 정리해 주시기 바랍니다.

- speech_order=502, tf_trigger=False, agenda_items=[]
  발언 요약: 위원님들, 발언해 주시기 바랍니다. 저희가 다 아시다시피 사모펀드가 우리나라의 혁신성장을 위해서 반드시 필요한 그런 모험자본인 것은 분명한데 그동안에 여러 가지 사건 사고를 통해서 좀 더 투자자 보호 장치가 필요하다 이런 부분에 대해서 아마 다 동의하실 거라고 생각을 

- speech_order=504, tf_trigger=False, agenda_items=[]
  발언 요약: 오기형 위원님.

- speech_order=515, tf_trigger=False, agenda_items=[]
  발언 요약: 규제 완화 측면에서 보는 게 저는 맞다고 봅니다. 다른 위원님들.

- speech_order=517, tf_trigger=False, agenda_items=[]
  발언 요약: 위원님들, 그동안에 아마 DLF나 사모펀드 관련해서 공부도 많이 하셨고 관심도 많이 가져 주셔서 대체적으로는 동의하실 거라고 봅니다. 그런데 이게 워낙 조문도 많고 그다음에 오늘 이 자리에서 언급되지 않은 내용도 많고 해서 오늘 이 자리에서 결정하는 것이 옳은지 다음에

- speech_order=519, tf_trigger=False, agenda_items=[]
  발언 요약: 예, 듣고 있습니다.

- speech_order=521, tf_trigger=False, agenda_items=[]
  발언 요약: 또 다른 위원님들, 홍성국 위원님.

- speech_order=524, tf_trigger=False, agenda_items=[]
  발언 요약: 민형배 위원님.

- speech_order=543, tf_trigger=False, agenda_items=[]
  발언 요약: 우리 위원님들 질의가 이어지고 있는데요. 우리 민형배 위원님께서 말씀하시는 게 본질은 본질이지요. 하지만 우리가 갖고 있는 사모펀드의 역사의 업보라고 할까요? 2015년 사모펀드 규제가 한꺼번에 너무 완화되다 보니까 저희가 투자자 보호에 관련된 여러 가지 미비점들이 발

- speech_order=545, tf_trigger=False, agenda_items=[]
  발언 요약: 다른 위원님들 말씀……

- speech_order=550, tf_trigger=False, agenda_items=[]
  발언 요약: 저희가 시간이 너무 많이 지났고 지금 민형배 위원님 말씀에 대해서는 그냥 개별적으로 보고를 해 주셔서, 공모와 사모의 구분, 기관 전용 펀드와 일반투자자 펀드가 왜 이렇게 나뉘는지 전체적으로 이런 규제 틀과 관련된 부분이기 때문에 설명을 좀 해 주시면 좋겠고요. 저희가

- speech_order=552, tf_trigger=False, agenda_items=[]
  발언 요약: 어떤 거?

- speech_order=554, tf_trigger=False, agenda_items=[]
  발언 요약: 아니, 그러니까 공모와 사모를 나누는 이유는 공모는 조금 더 투자자 보호 장치를 철저히 하고 사모는 말 그대로 그들만의 리그의 시장이기 때문에 규제를 완화하자는 차원에서 하나의 선을 긋는 거지요. 그 선을 50인으로 그었다가 지금은 100인으로 완화를 하는데 대신에 일

- speech_order=561, tf_trigger=False, agenda_items=[]
  발언 요약: 체계 개편은 이의가 없는 부분이에요. 하여튼 그거는 나중에 금융위에서 설명을 별도로 좀 드려서 논의해야 할 것 같은데요.

- speech_order=605, tf_trigger=False, agenda_items=[]
  발언 요약: 이게 지금 시급하게 투자자 보호 장치가 좀 필요하다, 또 한편으로 죽어 있는 사모펀드 시장을 좀 활성화하기 위해서 규제 완화가 필요하다, 이 두 의견을 담은 법이 네 분의 의원님이 발의한 법입니다. 좀 아쉬운 것은 우리 위원님들끼리 이 사모펀드에 대해서 이해가 조금씩 

- speech_order=608, tf_trigger=False, agenda_items=[]
  발언 요약: 예, 그렇습니다.

- speech_order=610, tf_trigger=False, agenda_items=[]
  발언 요약: 예, 규제 완화입니다.

- speech_order=612, tf_trigger=False, agenda_items=[]
  발언 요약: 그러면 두 위원님도 통과시키는 데 이의 없으십니까? 그러면 할까요? 이 법안 통과라는 게 워낙 신중하고 또 국회에서 가장 본질적인 일이지 않습니까? 또 위원님들께서 너무 속도를 빨리 내지 않느냐 이런 우려가 있을 거라고 생각해서 소위원장으로서 한 번 더 심사하면 어떻겠

- speech_order=624, tf_trigger=True, agenda_items=[1, 2, 3]
  발언 요약: 의사일정을 진행하도록 하겠습니다. 의사일정 제8항, 9항, 10항, 11항 그리고 제30항, 이상 5건의 자본시장과 금융투자업에 관한 법률 일부개정법률안은 각각 본회의에 부의하지 아니하고 지금까지 심사한 결과를 반영하여 이를 통합 조정한 우리 위원회의 대안을 마련하여 

- speech_order=626, tf_trigger=False, agenda_items=[]
  발언 요약: 아니요, 권은희 위원님께서 저에게 말씀하시고 가셨습니다, 통과시켜도 된다고. 확인해 보시면 됩니다. 제가 권은희 위원과 얘기를 했었거든요. 아까 위원님들이 말씀하신 ‘소멸시효가 지나지 않은 부분에 대해서는 빼고 은행과 보험과 여신전문기관을 넣는 것은 동의한다’ 이렇게 

- speech_order=628, tf_trigger=False, agenda_items=[]
  발언 요약: 지금 방금 얘기하고 가셨어요.

- speech_order=630, tf_trigger=False, agenda_items=[]
  발언 요약: ‘통과시켜도 좋다’고 하고 가셨습니다.

- speech_order=632, tf_trigger=False, agenda_items=[]
  발언 요약: 이해해 주세요.

- speech_order=634, tf_trigger=False, agenda_items=[]
  발언 요약: 가장 최근의 발언이니까 저를 믿고……

- speech_order=636, tf_trigger=False, agenda_items=[]
  발언 요약: 예?

- speech_order=641, tf_trigger=False, agenda_items=[]
  발언 요약: 금융위에서 출연기관 늘리는 부분하고 출연 대상 확대에 대해서 좀 더 분명하게 한 번 더 설명해 보시지요.

- speech_order=643, tf_trigger=False, agenda_items=[]
  발언 요약: 홍성국 위원님.

- speech_order=645, tf_trigger=False, agenda_items=[]
  발언 요약: 강민국 위원님.

- speech_order=647, tf_trigger=False, agenda_items=[]
  발언 요약: 민병덕 위원님.

- speech_order=659, tf_trigger=False, agenda_items=[]
  발언 요약: 홍성국 위원님.

- speech_order=661, tf_trigger=False, agenda_items=[]
  발언 요약: 윤재옥 위원님.

- speech_order=667, tf_trigger=False, agenda_items=[]
  발언 요약: 우리 정무위원회가 다양한 이슈가 있는데 아까 우리가 통과시킨 사모펀드 활성화 및 투자자 보호 장치는 어떻게 보면 중산층에 포커싱 되어 있는 법 아니겠습니까? 그런데 지금 저희가 논의하는 것은 정말로 고금리를 사용하는 금융소외계층에 대해서 어떻게 국가가 그분들을 위해서 

- speech_order=669, tf_trigger=False, agenda_items=[]
  발언 요약: 김한정 위원님.

- speech_order=687, tf_trigger=False, agenda_items=[]
  발언 요약: 한 말씀 더 하시겠어요?

- speech_order=689, tf_trigger=False, agenda_items=[]
  발언 요약: 저희가 다음에 국가보훈처 심의도 있기 때문에 짧게 말씀해 주십시오.

- speech_order=691, tf_trigger=False, agenda_items=[]
  발언 요약: 많은 말씀들을 하셨고요. 그럼에도 불구하고 부정적 의견을 낸 위원님들의 입장이 바뀌었는지 제가 여쭤보고 마무리를 하도록 하겠습니다. 어떻습니까, 통과시켜도 될까요?

- speech_order=693, tf_trigger=False, agenda_items=[]
  발언 요약: 일몰조항을 넣자? 그것은 동의하시지요?

- speech_order=695, tf_trigger=False, agenda_items=[]
  발언 요약: 그러면 일몰조항을 어떻게 넣는 게 좋을까요?

- speech_order=697, tf_trigger=False, agenda_items=[]
  발언 요약: 복권기금과 같이?

- speech_order=699, tf_trigger=False, agenda_items=[]
  발언 요약: 5년 정도로 해서…… 그러면 이렇게 수정 제안에 대해서……

- speech_order=701, tf_trigger=False, agenda_items=[]
  발언 요약: 예?

- speech_order=703, tf_trigger=False, agenda_items=[]
  발언 요약: 수정 제안이 들어왔기 때문에 제가 말씀드리는 거예요. 윤창현 위원님께서 일몰조항을 넣어서 하자라고 수정 제안을 해 주셨기 때문에……

- speech_order=706, tf_trigger=False, agenda_items=[]
  발언 요약: 수정 제안이 들어왔으니까 제가 정리해서 말씀을 드리는 거지요.

- speech_order=710, tf_trigger=False, agenda_items=[]
  발언 요약: 그러면 반대하시는 위원님 계속 계신 거지요? (｢예｣ 하는 위원 있음) 그러면 위원님들의 뜻을 존중해서 성일종 간사님과 협의해서 3월 첫 소위 때 다시 한번 심도 있게 논의해서 반드시 금융소외계층에게 금융 지원이 될 수 있는 그런 좋은 법이 만들어지도록 노력하겠다는 말

- speech_order=712, tf_trigger=False, agenda_items=[]
  발언 요약: 용어 정리입니다.

- speech_order=714, tf_trigger=False, agenda_items=[]
  발언 요약: 이상으로 금융위원회 소관 법률안 심사를 모두 마치도록 하겠습니다. 오늘 소위원회에서 심사 의결한 법률안의 심사보고, 대안의 작성, 기타 체계․자구의 정리 등에 관해서는 소위원장에게 위임하여 주시기 바랍니다. 위원님 여러분, 장시간 수고 많으셨습니다. 그리고 금융위원회 

- speech_order=716, tf_trigger=False, agenda_items=[]
  발언 요약: 오늘 회의 진행은 배부해 드린 소위 심사자료를 중심으로 전문위원으로부터 설명은 들은 다음 정부 측 의견을 듣고 위원님들 간의 논의를 거쳐 각각 의결해 나가는 방식으로 진행하도록 하겠습니다. 다만 동일한 법안명의 개정법률안이 2개 이상인 경우 이를 통합 조정하여 위원회 

- speech_order=717, tf_trigger=True, agenda_items=[48, 49, 50, 51, 52, 53, 54, 55]
  발언 요약: 그러면 심사할 안건을 상정하겠습니다. 의사일정 제48항부터 86항까지 이상 39건의 법률안을 일괄하여 상정합니다. 먼저 의사일정 제48항부터 55항까지 이상 8건을 일괄하여 심사하도록 하겠습니다. 배부해 드린 심사자료 보훈 48번부터 55번까지를 참조해 주시기 바랍니다

- speech_order=719, tf_trigger=False, agenda_items=[]
  발언 요약: 수고하셨습니다. 정부 측 의견 말씀해 주십시오.

- speech_order=721, tf_trigger=False, agenda_items=[]
  발언 요약: 다음은 위원님들께서 의견 있으시면 말씀해 주십시오.

- speech_order=723, tf_trigger=True, agenda_items=[56]
  발언 요약: 그러면 이상으로 토론을 종결하고 의결할 순서입니다만 동일 제목의 법률안이 뒤에 있기 때문에 의결을 보류하도록 하겠습니다. 다음은 의사일정 제56항 국립묘지의 설치 및 운영에 관한 법률 일부개정법률안을 심사하도록 하겠습니다. 배부해 드린 심사자료 보훈 56번을 참조해 주

- speech_order=725, tf_trigger=False, agenda_items=[]
  발언 요약: 수고하셨습니다. 정부 측 의견 말씀해 주십시오.

- speech_order=727, tf_trigger=False, agenda_items=[]
  발언 요약: 정부가 낸 법안이지요?

- speech_order=729, tf_trigger=False, agenda_items=[]
  발언 요약: 위원님들, 의견 있으시면 말씀해 주시기 바랍니다.

- speech_order=746, tf_trigger=False, agenda_items=[]
  발언 요약: 전문위원님 의견이 있답니다.

- speech_order=756, tf_trigger=True, agenda_items=[57]
  발언 요약: 그러면 이상으로 토론을 종결하고 의결할 순서입니다만 동일 제목의 법률안이 뒤에 있기 때문에 의결을 보류하도록 하겠습니다. 다음, 의사일정 제57항 국립묘지의 설치 및 운영에 관한 법률 일부개정법률안을 심사하도록 하겠습니다. 심사자료 보훈 57번을 참조해 주시기 바랍니다

- speech_order=758, tf_trigger=False, agenda_items=[]
  발언 요약: 수고하셨습니다. 정부 측 의견 말씀해 주십시오.

- speech_order=760, tf_trigger=False, agenda_items=[]
  발언 요약: 수정안에 동의한다는 말씀이시지요?

- speech_order=762, tf_trigger=False, agenda_items=[]
  발언 요약: 우리 위원님들, 의견 말씀해 주십시오.

- speech_order=766, tf_trigger=True, agenda_items=[58, 59, 60, 61, 62, 63, 64]
  발언 요약: 그러면 의사일정 제57항은 저희 소위원회에서 보다 더 심도 있는 논의를 하도록 하겠습니다. 다음은 의사일정 제58항부터 64항까지 이상 7건의 건을 일괄하여 심사하도록 하겠습니다. 배부해 드린 심사자료 보훈 58번부터 64번까지를 참조해 주시기 바랍니다. 전문위원님 보

- speech_order=768, tf_trigger=False, agenda_items=[]
  발언 요약: 수고하셨습니다. 정부 측 의견 말씀해 주십시오.

- speech_order=770, tf_trigger=True, agenda_items=[65, 66, 67, 68, 69, 70, 71]
  발언 요약: 우리 위원님들 의견이 있으시면 말씀해 주시기 바랍니다. 없으시면…… 이견 없으시지요? (｢예｣ 하는 위원 있음) 그러면 이상 토론을 종결하고 의결할 순서입니다만 동일 제명의 법률안이 뒤에 있기 때문에 의결을 보류하도록 하겠습니다. 다음은 의사일정 65항부터 제70항까지

- speech_order=772, tf_trigger=True, agenda_items=[71, 72, 73, 74, 75, 76]
  발언 요약: 제가 71항만 말씀드렸네요. 71항부터 76항까지 한꺼번에 심사보고해 주시기 바랍니다.

- speech_order=774, tf_trigger=False, agenda_items=[]
  발언 요약: 수고하셨습니다. 정부 측 의견 말씀해 주시기 바랍니다.

- speech_order=776, tf_trigger=False, agenda_items=[]
  발언 요약: 우리 성일종 간사님.

- speech_order=788, tf_trigger=False, agenda_items=[]
  발언 요약: 수정의견을 우리 전문위원께서…… 몇 페이지지요?

- speech_order=790, tf_trigger=False, agenda_items=[]
  발언 요약: 정부 측, 수정의견에 대해서 입장……

- speech_order=801, tf_trigger=True, agenda_items=[48, 49, 63, 50, 61, 51, 64, 52, 60, 53, 59, 54, 58, 55, 62, 56]
  발언 요약: 그러면 71항부터 76항까지의 법률안은 추후 심사하도록 하겠습니다. 그러면 아까 저희가 심사했으나 의결하지 않은 법안에 대해서 의결하는 절차를 밟도록 하겠습니다. 의사일정 제48항 국가유공자 등 예우 및 지원에 관한 법률 일부개정법률안은 원안대로 의결하고자 하는데 이의


=== 최종 심사구간(deliberation segments) ===

[delib 1] trigger_speech_order=2 (speech_id=7695318011074786738)
  발언자: 소위원장 김병욱
  구간: speech_order 2 ~ 248
  심사 의사일정: 의사일정 제1항부터 제3항까지 (raw: [1, 2, 3])
  bill_review (bill_pool 매칭 결과):
    - 1. 서민의 금융생활 지원에 관한 법률 일부개정법률안(정부 제출)(의안번호 2104052)
    - 2. 서민의 금융생활 지원에 관한 법률 일부개정법률안(고용진 의원 대표발의)(의안번호 2102623)
    - 3. 서민의 금융생활 지원에 관한 법률 일부개정법률안(소병훈 의원 대표발의)(의안번호 2100785)

[delib 2] trigger_speech_order=249 (speech_id=2230767189559618017)
  발언자: 소위원장 김병욱
  구간: speech_order 249 ~ 254
  심사 의사일정: 의사일정 제22항부터 제39항까지 (raw: [22, 23, 24, 25, 26, 27, 28, 29, 30, 31, 32, 33, 34, 35, 36, 37, 38, 39])
  bill_review (bill_pool 매칭 결과):
    - 22. 기업구조조정투자회사법 일부개정법률안(이용우 의원 대표발의)(의안번호 2105145)
    - 23. 공인회계사법 일부개정법률안(이용우 의원 대표발의)(의안번호 2105147)
    - 24. 농림수산업자 신용보증법 일부개정법률안(이용우 의원 대표발의)(의안번호 2105148)
    - 25. 금융지주회사법 일부개정법률안(이용우 의원 대표발의)(의안번호 2105149)
    - 26. 금융산업의 구조개선에 관한 법률 일부개정법률안(이용우 의원 대표발의)(의안번호 2105150)
    - 27. 보험업법 일부개정법률안(이용우 의원 대표발의)(의안번호 2105205)
    - 28. 상호저축은행법 일부개정법률안(이용우 의원 대표발의)(의안번호 2105206)
    - 29. 담보부사채신탁법 일부개정법률안(이용우 의원 대표발의)(의안번호 2105211)
    - 30. 자본시장과 금융투자업에 관한 법률 일부개정법률안(이용우 의원 대표발의)(의안번호 2105232)
    - 31. 신용보증기금법 일부개정법률안(이용우 의원 대표발의)(의안번호 2105234)
    - 32. 신용정보의 이용 및 보호에 관한 법률 일부개정법률안(이용우 의원 대표발의)(의안번호 2105273)
    - 33. 신용협동조합법 일부개정법률안(이용우 의원 대표발의)(의안번호 2105274)
    - 34. 은행법 일부개정법률안(이용우 의원 대표발의)(의안번호 2105275)
    - 35. 이중상환청구권부 채권 발행에 관한 법률 일부개정법률안(이용우 의원 대표발의)(의안번호 2105276)
    - 36. 한국주택금융공사법 일부개정법률안(이용우 의원 대표발의)(의안번호 2105302)
    - 37. 자산유동화에 관한 법률 일부개정법률안(이용우 의원 대표발의)(의안번호 2105303)
    - 38. 한국자산관리공사 설립 등에 관한 법률 일부개정법률안(이용우 의원 대표발의)(의안번호 2105304)
    - 39. 주식회사 등의 외부감사에 관한 법률 일부개정법률안(이용우 의원 대표발의)(의안번호 2105306)

[delib 3] trigger_speech_order=255 (speech_id=215863267198459867)
  발언자: 소위원장 김병욱
  구간: speech_order 255 ~ 271
  심사 의사일정: 의사일정 제40항 (raw: [40])
  bill_review (bill_pool 매칭 결과):
    - 40. 금융회사의 지배구조에 관한 법률 일부개정법률안(홍성국 의원 대표발의)(의안번호 2106503)

[delib 4] trigger_speech_order=272 (speech_id=5451248847235309787)
  발언자: 소위원장 김병욱
  구간: speech_order 272 ~ 298
  심사 의사일정: 의사일정 제40항부터 제47항까지 (raw: [40, 41, 42, 43, 44, 45, 46, 47])
  bill_review (bill_pool 매칭 결과):
    - 40. 금융회사의 지배구조에 관한 법률 일부개정법률안(홍성국 의원 대표발의)(의안번호 2106503)
    - 41. 공중 등 협박목적 및 대량살상무기확산을 위한 자금조달행위의 금지에 관한 법률 일부개정법률안(홍성국 의원 대표발의)(의안번호 2106547)
    - 42. 중소기업은행법 일부개정법률안(오기형 의원 대표발의)(의안번호 2106590)
    - 43. 신용정보의 이용 및 보호에 관한 법률 일부개정법률안(이용우 의원 대표발의)(의안번호 2106621)
    - 44. 전자금융거래법 일부개정법률안(이용우 의원 대표발의)(의안번호 2106622)
    - 45. 인터넷전문은행 설립 및 운영에 관한 특례법 일부개정법률안(이용우 의원 대표발의)(의안번호 2106632)
    - 46. 자본시장과 금융투자업에 관한 법률 일부개정법률안(이용우 의원 대표발의)(의안번호 2106634)
    - 47. 금융지주회사법 일부개정법률안(홍성국 의원 대표발의)(의안번호 2106638)

[delib 5] trigger_speech_order=299 (speech_id=8679827429859252000)
  발언자: 소위원장 김병욱
  구간: speech_order 299 ~ 330
  심사 의사일정: 의사일정 제4항 (raw: [4])
  bill_review (bill_pool 매칭 결과):
    - 4. 금융혁신지원 특별법 일부개정법률안(김병욱 의원 대표발의)(의안번호 2104717)

[delib 6] trigger_speech_order=331 (speech_id=5504334505502577863)
  발언자: 소위원장 김병욱
  구간: speech_order 331 ~ 344
  심사 의사일정: 의사일정 제4항 (raw: [4])
  bill_review (bill_pool 매칭 결과):
    - 4. 금융혁신지원 특별법 일부개정법률안(김병욱 의원 대표발의)(의안번호 2104717)

[delib 7] trigger_speech_order=345 (speech_id=4039287822858742594)
  발언자: 소위원장 김병욱
  구간: speech_order 345 ~ 408
  심사 의사일정: 의사일정 제5항부터 제7항까지 (raw: [5, 6, 7])
  bill_review (bill_pool 매칭 결과):
    - 5. 자본시장과 금융투자업에 관한 법률 일부개정법률안(박용진 의원 대표발의)(의안번호 2100518)
    - 6. 자본시장과 금융투자업에 관한 법률 일부개정법률안(윤관석 의원 대표발의)(의안번호 2103921)
    - 7. 자본시장과 금융투자업에 관한 법률 일부개정법률안(박용진 의원 대표발의)(의안번호 2104121)

[delib 8] trigger_speech_order=409 (speech_id=1359903604388998131)
  발언자: 소위원장 김병욱
  구간: speech_order 409 ~ 495
  심사 의사일정: 의사일정 제5항, 제6항, 제7항, 제16항 (raw: [5, 6, 7, 16])
  bill_review (bill_pool 매칭 결과):
    - 5. 자본시장과 금융투자업에 관한 법률 일부개정법률안(박용진 의원 대표발의)(의안번호 2100518)
    - 6. 자본시장과 금융투자업에 관한 법률 일부개정법률안(윤관석 의원 대표발의)(의안번호 2103921)
    - 7. 자본시장과 금융투자업에 관한 법률 일부개정법률안(박용진 의원 대표발의)(의안번호 2104121)
    - 16. 자본시장과 금융투자업에 관한 법률 일부개정법률안(윤창현 의원 대표발의)(의안번호 2106447)

[delib 9] trigger_speech_order=496 (speech_id=2571879511939941904)
  발언자: 소위원장 김병욱
  구간: speech_order 496 ~ 623
  심사 의사일정: 의사일정 제5항, 제6항, 제7항, 제8항, 제9항, 제10항, 제11항, 제16항 (raw: [5, 6, 7, 8, 9, 10, 11, 16])
  bill_review (bill_pool 매칭 결과):
    - 5. 자본시장과 금융투자업에 관한 법률 일부개정법률안(박용진 의원 대표발의)(의안번호 2100518)
    - 6. 자본시장과 금융투자업에 관한 법률 일부개정법률안(윤관석 의원 대표발의)(의안번호 2103921)
    - 7. 자본시장과 금융투자업에 관한 법률 일부개정법률안(박용진 의원 대표발의)(의안번호 2104121)
    - 16. 자본시장과 금융투자업에 관한 법률 일부개정법률안(윤창현 의원 대표발의)(의안번호 2106447)
    - 8. 자본시장과 금융투자업에 관한 법률 일부개정법률안(유동수 의원 대표발의)(의안번호 2102342)
    - 9. 자본시장과 금융투자업에 관한 법률 일부개정법률안(김병욱 의원 대표발의)(의안번호 2104281)
    - 10. 자본시장과 금융투자업에 관한 법률 일부개정법률안(송재호 의원 대표발의)(의안번호 2106840)
    - 11. 자본시장과 금융투자업에 관한 법률 일부개정법률안(강민국 의원 대표발의)(의안번호 2108075)

[delib 10] trigger_speech_order=624 (speech_id=791343073219770879)
  발언자: 소위원장 김병욱
  구간: speech_order 624 ~ 716
  심사 의사일정: 의사일정 제1항부터 제3항까지 (raw: [1, 2, 3])
  bill_review (bill_pool 매칭 결과):
    - 1. 서민의 금융생활 지원에 관한 법률 일부개정법률안(정부 제출)(의안번호 2104052)
    - 2. 서민의 금융생활 지원에 관한 법률 일부개정법률안(고용진 의원 대표발의)(의안번호 2102623)
    - 3. 서민의 금융생활 지원에 관한 법률 일부개정법률안(소병훈 의원 대표발의)(의안번호 2100785)

[delib 11] trigger_speech_order=717 (speech_id=7518598140731325444)
  발언자: 소위원장 김병욱
  구간: speech_order 717 ~ 722
  심사 의사일정: 의사일정 제48항부터 제55항까지 (raw: [48, 49, 50, 51, 52, 53, 54, 55])
  bill_review (bill_pool 매칭 결과):
    - 48. 국가유공자 등 예우 및 지원에 관한 법률 일부개정법률안(윤재옥 의원 대표발의)(의안번호 2106729)
    - 49. 참전유공자 예우 및 단체설립에 관한 법률 일부개정법률안(윤재옥 의원 대표발의)(의안번호 2106731)
    - 50. 보훈보상대상자 지원에 관한 법률 일부개정법률안(윤재옥 의원 대표발의)(의안번호 2106742)
    - 51. 제대군인지원에 관한 법률 일부개정법률안(윤재옥 의원 대표발의)(의안번호 2107551)
    - 52. 특수임무유공자 예우 및 단체설립에 관한 법률 일부개정법률안(윤재옥 의원 대표발의)(의안번호 2107552)
    - 53. 고엽제후유의증 등 환자지원 및 단체설립에 관한 법률 일부개정법률안(윤재옥 의원 대표발의)(의안번호 2107553)
    - 54. 5․18민주유공자예우에 관한 법률 일부개정법률안(윤재옥 의원 대표발의)(의안번호 2107555)
    - 55. 독립유공자예우에 관한 법률 일부개정법률안(윤재옥 의원 대표발의)(의안번호 2107556)

[delib 12] trigger_speech_order=723 (speech_id=2364061567703781109)
  발언자: 소위원장 김병욱
  구간: speech_order 723 ~ 755
  심사 의사일정: 의사일정 제56항 (raw: [56])
  bill_review (bill_pool 매칭 결과):
    - 56. 국립묘지의 설치 및 운영에 관한 법률 일부개정법률안(정부 제출)(의안번호 2103503)

[delib 13] trigger_speech_order=756 (speech_id=2419129680113764017)
  발언자: 소위원장 김병욱
  구간: speech_order 756 ~ 765
  심사 의사일정: 의사일정 제57항 (raw: [57])
  bill_review (bill_pool 매칭 결과):
    - 57. 국립묘지의 설치 및 운영에 관한 법률 일부개정법률안(신동근 의원 대표발의)(의안번호 2106411)

[delib 14] trigger_speech_order=766 (speech_id=5855196089068256358)
  발언자: 소위원장 김병욱
  구간: speech_order 766 ~ 769
  심사 의사일정: 의사일정 제58항부터 제64항까지 (raw: [58, 59, 60, 61, 62, 63, 64])
  bill_review (bill_pool 매칭 결과):
    - 58. 5․18민주유공자예우에 관한 법률 일부개정법률안(홍성국 의원 대표발의)(의안번호 2103771)
    - 59. 고엽제후유의증 등 환자지원 및 단체설립에 관한 법률 일부개정법률안(홍성국 의원 대표발의)(의안번호 2103788)
    - 60. 특수임무유공자 예우 및 단체설립에 관한 법률 일부개정법률안(홍성국 의원 대표발의)(의안번호 2103790)
    - 61. 보훈보상대상자 지원에 관한 법률 일부개정법률안(홍성국 의원 대표발의)(의안번호 2103791)
    - 62. 독립유공자예우에 관한 법률 일부개정법률안(홍성국 의원 대표발의)(의안번호 2103792)
    - 63. 참전유공자 예우 및 단체설립에 관한 법률 일부개정법률안(홍성국 의원 대표발의)(의안번호 2103793)
    - 64. 제대군인지원에 관한 법률 일부개정법률안(홍성국 의원 대표발의)(의안번호 2103794)

[delib 15] trigger_speech_order=770 (speech_id=4677113262204636088)
  발언자: 소위원장 김병욱
  구간: speech_order 770 ~ 771
  심사 의사일정: 의사일정 제65항부터 제71항까지 (raw: [65, 66, 67, 68, 69, 70, 71])
  bill_review (bill_pool 매칭 결과):
    - 65. 국가유공자 등 예우 및 지원에 관한 법률 일부개정법률안(홍성국 의원 대표발의)(의안번호 2106505)
    - 66. 독립유공자예우에 관한 법률 일부개정법률안(홍성국 의원 대표발의)(의안번호 2106506)
    - 67. 보훈보상대상자 지원에 관한 법률 일부개정법률안(홍성국 의원 대표발의)(의안번호 2106507)
    - 68. 특수임무유공자 예우 및 단체설립에 관한 법률 일부개정법률안(오기형 의원 대표발의)(의안번호 2106593)
    - 69. 5․18민주유공자예우에 관한 법률 일부개정법률안(홍성국 의원 대표발의)(의안번호 2106637)
    - 70. 제대군인지원에 관한 법률 일부개정법률안(오기형 의원 대표발의)(의안번호 2106676)
    - 71. 국가유공자 등 단체 설립에 관한 법률 일부개정법률안(송재호 의원 대표발의)(의안번호 2105567)

[delib 16] trigger_speech_order=772 (speech_id=3024066496279638601)
  발언자: 소위원장 김병욱
  구간: speech_order 772 ~ 800
  심사 의사일정: 의사일정 제71항부터 제76항까지 (raw: [71, 72, 73, 74, 75, 76])
  bill_review (bill_pool 매칭 결과):
    - 71. 국가유공자 등 단체 설립에 관한 법률 일부개정법률안(송재호 의원 대표발의)(의안번호 2105567)
    - 72. 대한민국재향군인회법 일부개정법률안(정부 제출)(의안번호 2106743)
    - 73. 참전유공자 예우 및 단체설립에 관한 법률 일부개정법률안(정부 제출)(의안번호 2106746)
    - 74. 고엽제후유의증 등 환자지원 및 단체설립에 관한 법률 일부개정법률안(정부 제출)(의안번호 2106747)
    - 75. 국가유공자 등 단체 설립에 관한 법률 일부개정법률안(정부 제출)(의안번호 2106748)
    - 76. 특수임무유공자 예우 및 단체설립에 관한 법률 일부개정법률안(정부 제출)(의안번호 2106749)

[delib 17] trigger_speech_order=801 (speech_id=2014405723996518605)
  발언자: 소위원장 김병욱
  구간: speech_order 801 ~ 801
  심사 의사일정: 의사일정 제48항, 제49항, 제50항, 제51항, 제52항, 제53항, 제54항, 제55항, 제56항, 제58항, 제59항, 제60항, 제61항, 제62항, 제63항, 제64항 (raw: [48, 49, 50, 51, 52, 53, 54, 55, 56, 58, 59, 60, 61, 62, 63, 64])
  bill_review (bill_pool 매칭 결과):
    - 48. 국가유공자 등 예우 및 지원에 관한 법률 일부개정법률안(윤재옥 의원 대표발의)(의안번호 2106729)
    - 49. 참전유공자 예우 및 단체설립에 관한 법률 일부개정법률안(윤재옥 의원 대표발의)(의안번호 2106731)
    - 63. 참전유공자 예우 및 단체설립에 관한 법률 일부개정법률안(홍성국 의원 대표발의)(의안번호 2103793)
    - 50. 보훈보상대상자 지원에 관한 법률 일부개정법률안(윤재옥 의원 대표발의)(의안번호 2106742)
    - 61. 보훈보상대상자 지원에 관한 법률 일부개정법률안(홍성국 의원 대표발의)(의안번호 2103791)
    - 51. 제대군인지원에 관한 법률 일부개정법률안(윤재옥 의원 대표발의)(의안번호 2107551)
    - 64. 제대군인지원에 관한 법률 일부개정법률안(홍성국 의원 대표발의)(의안번호 2103794)
    - 52. 특수임무유공자 예우 및 단체설립에 관한 법률 일부개정법률안(윤재옥 의원 대표발의)(의안번호 2107552)
    - 60. 특수임무유공자 예우 및 단체설립에 관한 법률 일부개정법률안(홍성국 의원 대표발의)(의안번호 2103790)
    - 53. 고엽제후유의증 등 환자지원 및 단체설립에 관한 법률 일부개정법률안(윤재옥 의원 대표발의)(의안번호 2107553)
    - 59. 고엽제후유의증 등 환자지원 및 단체설립에 관한 법률 일부개정법률안(홍성국 의원 대표발의)(의안번호 2103788)
    - 54. 5․18민주유공자예우에 관한 법률 일부개정법률안(윤재옥 의원 대표발의)(의안번호 2107555)
    - 58. 5․18민주유공자예우에 관한 법률 일부개정법률안(홍성국 의원 대표발의)(의안번호 2103771)
    - 55. 독립유공자예우에 관한 법률 일부개정법률안(윤재옥 의원 대표발의)(의안번호 2107556)
    - 62. 독립유공자예우에 관한 법률 일부개정법률안(홍성국 의원 대표발의)(의안번호 2103792)
    - 56. 국립묘지의 설치 및 운영에 관한 법률 일부개정법률안(정부 제출)(의안번호 2103503)

